<?xml version="1.0" encoding="UTF-8"?>
<!-- Generated by org.testng.reporters.JUnitReportReporter -->
<testsuite hostname="User" failures="0" tests="3" name="DynamicallyBiuldJsonPayload" time="21.266" errors="0" timestamp="07 Jul 2020 04:20:43 GMT" skipped="0">
  <testcase classname="DynamicallyBiuldJsonPayload" name="libraryDetails" time="20.679"/>
  <testcase classname="DynamicallyBiuldJsonPayload" name="libraryDetails" time="0.261"/>
  <testcase classname="DynamicallyBiuldJsonPayload" name="libraryDetails" time="0.326"/>
</testsuite> <!-- DynamicallyBiuldJsonPayload -->
