<?xml version="1.0" encoding="UTF-8"?>
<!-- Generated by org.testng.reporters.JUnitReportReporter -->
<testsuite hostname="User" failures="0" tests="1" name="Basic4ComplexJsonParsor" time="10.181" errors="0" timestamp="19 Jul 2020 18:27:52 GMT" skipped="0">
  <testcase classname="Basic4ComplexJsonParsor" name="CoursesDetails" time="10.181"/>
</testsuite> <!-- Basic4ComplexJsonParsor -->
