<?xml version="1.0" encoding="UTF-8"?>
<!-- Generated by org.testng.reporters.JUnitReportReporter -->
<testsuite skipped="0" hostname="User" name="Basic8RestAssuerdAutomationProject" tests="1" failures="0" timestamp="04 Aug 2020 11:46:10 GMT" time="91.543" errors="0">
  <testcase name="generateIssues" time="91.543" classname="Basic8RestAssuerdAutomationProject"/>
</testsuite> <!-- Basic8RestAssuerdAutomationProject -->
