<?xml version="1.0" encoding="UTF-8"?>
<!-- Generated by org.testng.reporters.JUnitReportReporter -->
<testsuite hostname="User" failures="0" tests="1" name="Basic1" time="12.172" errors="0" timestamp="06 Jul 2020 07:33:54 GMT" skipped="0">
  <testcase classname="Basic1" name="BasicMethods" time="12.172"/>
</testsuite> <!-- Basic1 -->
