<?xml version="1.0" encoding="UTF-8"?>
<!-- Generated by org.testng.reporters.JUnitReportReporter -->
<testsuite hostname="User" failures="0" tests="1" name="Basic3ComplexJsonParsor" time="6.246" errors="0" timestamp="06 Jul 2020 17:22:56 GMT" skipped="0">
  <testcase classname="Basic3ComplexJsonParsor" name="CoursesDetails" time="6.246"/>
</testsuite> <!-- Basic3ComplexJsonParsor -->
