<?xml version="1.0" encoding="UTF-8"?>
<!-- Generated by org.testng.reporters.JUnitReportReporter -->
<testsuite hostname="User" failures="0" tests="1" name="Basic2" time="94.570" errors="0" timestamp="19 Jul 2020 17:53:03 GMT" skipped="0">
  <testcase classname="Basic2" name="BasicMethods" time="94.570"/>
</testsuite> <!-- Basic2 -->
