<?xml version="1.0" encoding="UTF-8"?>
<!-- Generated by org.testng.reporters.JUnitReportReporter -->
<testsuite hostname="User" failures="0" tests="1" name="Basic5Dynamically_Build_Json_Payload" time="13.627" errors="0" timestamp="20 Jul 2020 02:42:05 GMT" skipped="0">
  <testcase classname="Basic5Dynamically_Build_Json_Payload" name="libraryDetails" time="13.627"/>
</testsuite> <!-- Basic5Dynamically_Build_Json_Payload -->
