<?xml version="1.0" encoding="UTF-8"?>
<!-- Generated by org.testng.reporters.JUnitReportReporter -->
<testsuite hostname="User" failures="0" tests="1" name="AddLibrary" time="9.397" errors="0" timestamp="06 Jul 2020 19:57:45 GMT" skipped="0">
  <testcase classname="AddLibrary" name="libraryDetails" time="9.397"/>
</testsuite> <!-- AddLibrary -->
