<?xml version="1.0" encoding="UTF-8"?>
<!-- Generated by org.testng.reporters.JUnitReportReporter -->
<testsuite hostname="User" failures="0" tests="3" name="Basic6ByUsingDataProvider" time="11.109" errors="0" timestamp="20 Jul 2020 03:05:33 GMT" skipped="0">
  <testcase classname="Basic6ByUsingDataProvider" name="libraryDetails" time="0.485"/>
  <testcase classname="Basic6ByUsingDataProvider" name="libraryDetails" time="0.343"/>
  <testcase classname="Basic6ByUsingDataProvider" name="libraryDetails" time="10.281"/>
</testsuite> <!-- Basic6ByUsingDataProvider -->
