<?xml version="1.0" encoding="UTF-8"?>
<!-- Generated by org.testng.reporters.JUnitReportReporter -->
<testsuite hostname="User" failures="0" tests="1" name="POJOSerialization.OAuthSerealization" time="153.287" errors="0" timestamp="12 Jul 2020 11:25:52 GMT" skipped="0">
  <testcase classname="POJOSerialization.OAuthSerealization" name="serialization" time="153.287"/>
</testsuite> <!-- POJOSerialization.OAuthSerealization -->
